2024. 03. 19. 21:37:15 18244 Logging started
2024. 03. 19. 21:37:15 18244 Begin Startup
2024. 03. 19. 21:37:15 18244 Chaosauncher 0.5.4.1 on NT 6.2.9200  at C:\Users\peter\IdeaProjects\StarcraftAI\SCBW1161HiReS\BWAPI\Chaoslauncher\Chaoslauncher - MultiInstance.exe
2024. 03. 19. 21:37:15 18244 Load Settings
2024. 03. 19. 21:37:15 18244 GamePath: C:\Starcraft\SCBW1161HiReS\
2024. 03. 19. 21:37:15 18244 Load Plugins
2024. 03. 19. 21:37:15 18244 Loading BWL4-Plugin C:\Users\peter\IdeaProjects\StarcraftAI\SCBW1161HiReS\BWAPI\Chaoslauncher\iccscbn.icc
2024. 03. 19. 21:37:15 18244 Plugin loaded ICCup
2024. 03. 19. 21:37:15 18244 Loading BWL4-Plugin C:\Users\peter\IdeaProjects\StarcraftAI\SCBW1161HiReS\BWAPI\Chaoslauncher\Plugins\APMAlert.bwl
2024. 03. 19. 21:37:15 18244 Plugin loaded APMAlert (1.16.1)
2024. 03. 19. 21:37:15 18244 Loading BWL4-Plugin C:\Users\peter\IdeaProjects\StarcraftAI\SCBW1161HiReS\BWAPI\Chaoslauncher\Plugins\BWAPI_PluginInjector.bwl
2024. 03. 19. 21:37:15 18244 Plugin loaded BWAPI 4.4.0 Injector [RELEASE]
2024. 03. 19. 21:37:15 18244 Loading BWL4-Plugin C:\Users\peter\IdeaProjects\StarcraftAI\SCBW1161HiReS\BWAPI\Chaoslauncher\Plugins\BWAPI_PluginInjectord.bwl
2024. 03. 19. 21:37:15 18244 Plugin loaded BWAPI 4.4.0 Injector [DEBUG]
2024. 03. 19. 21:37:15 18244 Loading BWL4-Plugin C:\Users\peter\IdeaProjects\StarcraftAI\SCBW1161HiReS\BWAPI\Chaoslauncher\Plugins\Chaosplugin.bwl
2024. 03. 19. 21:37:15 18244 Plugin loaded Chaosplugin for 1.16.1
2024. 03. 19. 21:37:15 18244 Loading BWL4-Plugin C:\Users\peter\IdeaProjects\StarcraftAI\SCBW1161HiReS\BWAPI\Chaoslauncher\Plugins\LatencyChanger.bwl
2024. 03. 19. 21:37:16 18244 Plugin loaded LatencyChanger for 1.16.1
2024. 03. 19. 21:37:16 18244 Loading BWL4-Plugin C:\Users\peter\IdeaProjects\StarcraftAI\SCBW1161HiReS\BWAPI\Chaoslauncher\Plugins\repfix.bwl
2024. 03. 19. 21:37:16 18244 Plugin loaded RepFix
2024. 03. 19. 21:37:16 18244 Loading BWL4-Plugin C:\Users\peter\IdeaProjects\StarcraftAI\SCBW1161HiReS\BWAPI\Chaoslauncher\Plugins\RWAPlayer.bwl
2024. 03. 19. 21:37:16 18244 Plugin loaded RWAPlayer (1.16.1)
2024. 03. 19. 21:37:16 18244 Loading BWL4-Plugin C:\Users\peter\IdeaProjects\StarcraftAI\SCBW1161HiReS\BWAPI\Chaoslauncher\Plugins\RWARecorder.bwl
2024. 03. 19. 21:37:16 18244 Plugin loaded RWARecorder (1.16.1)
2024. 03. 19. 21:37:16 18244 Loading BWL4-Plugin C:\Users\peter\IdeaProjects\StarcraftAI\SCBW1161HiReS\BWAPI\Chaoslauncher\Plugins\Stormplugin.bwl
2024. 03. 19. 21:37:16 18244 Plugin loaded Stormplugin for 1.16.1
2024. 03. 19. 21:37:16 18244 Loading BWL4-Plugin C:\Users\peter\IdeaProjects\StarcraftAI\SCBW1161HiReS\BWAPI\Chaoslauncher\Plugins\wmode.bwl
2024. 03. 19. 21:37:16 18244 Plugin loaded W-MODE 1.02
2024. 03. 19. 21:37:16 18244 Load Tools
2024. 03. 19. 21:37:16 18244 Init GUI
2024. 03. 19. 21:37:16 18244 Get Starcraftversions
2024. 03. 19. 21:37:16 18244 Init complete
2024. 03. 19. 21:37:18 18244 Startbutton
2024. 03. 19. 21:37:18 18244 Starting Game Starcraft 1.16.1 C:\Starcraft\SCBW1161HiReS\StarCraft.exe
2024. 03. 19. 21:37:18 18244 APMAlert (1.16.1) Version 1.0.0.2 Compatible
2024. 03. 19. 21:37:18 18244 BWAPI 4.4.0 Injector [RELEASE] Version  Compatible
2024. 03. 19. 21:37:18 18244 W-MODE 1.02 Version 1.0.2 Compatible
2024. 03. 19. 21:37:18 18244 Could not obtain SeDebugPrivilege A hívóhoz nincs hozzárendelve az összes hivatkozott jog vagy csoport.
(1300)
2024. 03. 19. 21:37:18 18244 CreateProcess
2024. 03. 19. 21:37:19 18244 Call ScSuspended for all active Plugins
2024. 03. 19. 21:37:19 18244 ApplyPatchSuspended for APMAlert (1.16.1)
2024. 03. 19. 21:37:19 18244 ApplyPatchSuspended for BWAPI 4.4.0 Injector [RELEASE]
2024. 03. 19. 21:37:20 18244 ApplyPatchSuspended for W-MODE 1.02
2024. 03. 19. 21:37:20 18244 ResumeThread
2024. 03. 19. 21:37:20 18244 WaitForInputIdle
2024. 03. 19. 21:37:20 18244 Call ScWindowCreated for all active Plugins
2024. 03. 19. 21:37:20 18244 ApplyPatch for APMAlert (1.16.1)
2024. 03. 19. 21:37:20 18244 ApplyPatch for BWAPI 4.4.0 Injector [RELEASE]
2024. 03. 19. 21:37:20 18244 ApplyPatch for W-MODE 1.02
2024. 03. 19. 21:37:20 18244 Starting Starcraft completed
